<?xml version="1.0" encoding="utf-8" standalone="no"?>
<test-results xmlns:xsi="http://www.w3.org/2001/XMLSchema-instance" xsi:noNamespaceSchemaLocation="nunit_schema_2.5.xsd" name="Pester" total="77" errors="0" failures="0" not-run="0" inconclusive="0" ignored="0" skipped="0" invalid="0" date="2026-08-17" time="07:05:44">
  <environment platform="Darwin" cwd="/Users/kubaflo/.copilot/session-state/4c3c6934-b10b-4828-b20d-b1d4083e8d9e/files/maui-replicate-pipeline" nunit-version="2.5.8.0" clr-version="9.0.10" machine-name="MacBook-Pro-Max.local" os-version="25.6.0" user-domain="" user="kubaflo" />
  <culture-info current-culture="en-PL" current-uiculture="en-PL" />
  <test-suite type="TestFixture" name="Pester" executed="True" result="Success" success="True" time="2.0035" asserts="0" description="Pester">
    <results>
      <test-suite type="TestFixture" name="/Users/kubaflo/.copilot/session-state/4c3c6934-b10b-4828-b20d-b1d4083e8d9e/files/maui-replicate-pipeline/.github/scripts/Replicate-Issue.Tests.ps1" executed="True" result="Success" success="True" time="1.5093" asserts="0" description="/Users/kubaflo/.copilot/session-state/4c3c6934-b10b-4828-b20d-b1d4083e8d9e/files/maui-replicate-pipeline/.github/scripts/Replicate-Issue.Tests.ps1">
        <results>
          <test-suite type="TestFixture" name="Replication orchestrator security boundary" executed="True" result="Success" success="True" time="0.911" asserts="0" description="Replication orchestrator security boundary">
            <results>
              <test-case description="requires unconditional reproduction tests during generation and repair" name="Replication orchestrator security boundary.requires unconditional reproduction tests during generation and repair" time="0.0357" asserts="0" success="True" result="Success" executed="True" />
              <test-case description="requires a single-line expected failure signature during planning" name="Replication orchestrator security boundary.requires a single-line expected failure signature during planning" time="0.002" asserts="0" success="True" result="Success" executed="True" />
              <test-case description="uses native Appium class-name locators instead of Selenium CSS locators" name="Replication orchestrator security boundary.uses native Appium class-name locators instead of Selenium CSS locators" time="0.0024" asserts="0" success="True" result="Success" executed="True" />
              <test-case description="maps constrained Android text locators to native UiAutomator selectors" name="Replication orchestrator security boundary.maps constrained Android text locators to native UiAutomator selectors" time="0.003" asserts="0" success="True" result="Success" executed="True" />
              <test-case description="captures Catalyst evidence frames through the trusted Appium session" name="Replication orchestrator security boundary.captures Catalyst evidence frames through the trusted Appium session" time="0.0056" asserts="0" success="True" result="Success" executed="True" />
              <test-case description="polls semantic text assertions until the expected state or timeout" name="Replication orchestrator security boundary.polls semantic text assertions until the expected state or timeout" time="0.0023" asserts="0" success="True" result="Success" executed="True" />
              <test-case description="uses the supported macOS unified-log debug flag" name="Replication orchestrator security boundary.uses the supported macOS unified-log debug flag" time="0.0016" asserts="0" success="True" result="Success" executed="True" />
              <test-case description="removes terminal controls and Azure logging directives from untrusted output" name="Replication orchestrator security boundary.removes terminal controls and Azure logging directives from untrusted output" time="0.0089" asserts="0" success="True" result="Success" executed="True" />
              <test-case description="preserves primary failure lines when long stack traces displace them from the tail" name="Replication orchestrator security boundary.preserves primary failure lines when long stack traces displace them from the tail" time="0.0114" asserts="0" success="True" result="Success" executed="True" />
              <test-case description="recognizes only paths inside the requested root" name="Replication orchestrator security boundary.recognizes only paths inside the requested root" time="0.0082" asserts="0" success="True" result="Success" executed="True" />
              <test-case description="accepts only a bounded declarative Appium plan" name="Replication orchestrator security boundary.accepts only a bounded declarative Appium plan" time="0.0738" asserts="0" success="True" result="Success" executed="True" />
              <test-case description="accepts trusted Windows process closure only as the final crash assertion" name="Replication orchestrator security boundary.accepts trusted Windows process closure only as the final crash assertion" time="0.0198" asserts="0" success="True" result="Success" executed="True" />
              <test-case description="requires timing-sensitive issues to repeat a resettable trigger in one Appium session" name="Replication orchestrator security boundary.requires timing-sensitive issues to repeat a resettable trigger in one Appium session" time="0.0191" asserts="0" success="True" result="Success" executed="True" />
              <test-case description="accepts safe Android literal text locators and rejects other platforms or expressions" name="Replication orchestrator security boundary.accepts safe Android literal text locators and rejects other platforms or expressions" time="0.0313" asserts="0" success="True" result="Success" executed="True" />
              <test-case description="requires a visible non-bug semantic state before the trigger" name="Replication orchestrator security boundary.requires a visible non-bug semantic state before the trigger" time="0.036" asserts="0" success="True" result="Success" executed="True" />
              <test-case description="requires exact semantic trigger equivalence in the Sandbox proposal" name="Replication orchestrator security boundary.requires exact semantic trigger equivalence in the Sandbox proposal" time="0.0128" asserts="0" success="True" result="Success" executed="True" />
              <test-case description="requires timing-sensitive Sandbox proposals to preserve bounded repetition" name="Replication orchestrator security boundary.requires timing-sensitive Sandbox proposals to preserve bounded repetition" time="0.0138" asserts="0" success="True" result="Success" executed="True" />
              <test-case description="rejects dangerous capabilities in generated Sandbox source" name="Replication orchestrator security boundary.rejects dangerous capabilities in generated Sandbox source" time="0.0188" asserts="0" success="True" result="Success" executed="True" />
              <test-case description="rejects replacing the affected control content with the semantic verdict" name="Replication orchestrator security boundary.rejects replacing the affected control content with the semantic verdict" time="0.0119" asserts="0" success="True" result="Success" executed="True" />
              <test-case description="allows ordinary preference variables while rejecting the Preferences API" name="Replication orchestrator security boundary.allows ordinary preference variables while rejecting the Preferences API" time="0.0025" asserts="0" success="True" result="Success" executed="True" />
              <test-case description="allows direct handler context wiring but rejects service resolution" name="Replication orchestrator security boundary.allows direct handler context wiring but rejects service resolution" time="0.0168" asserts="0" success="True" result="Success" executed="True" />
              <test-case description="allows standard XAML schema URIs in LoadFromXaml strings only" name="Replication orchestrator security boundary.allows standard XAML schema URIs in LoadFromXaml strings only" time="0.0042" asserts="0" success="True" result="Success" executed="True" />
              <test-case description="accepts assembly-qualified XAML namespace declarations without allowing reflection" name="Replication orchestrator security boundary.accepts assembly-qualified XAML namespace declarations without allowing reflection" time="0.0027" asserts="0" success="True" result="Success" executed="True" />
              <test-case description="requires the exact bounded Sandbox XAML schema" name="Replication orchestrator security boundary.requires the exact bounded Sandbox XAML schema" time="0.0045" asserts="0" success="True" result="Success" executed="True" />
              <test-case description="uses a trusted Appium interpreter instead of agent-authored host code" name="Replication orchestrator security boundary.uses a trusted Appium interpreter instead of agent-authored host code" time="0.0068" asserts="0" success="True" result="Success" executed="True" />
              <test-case description="uses typed Appium properties for reserved Windows capabilities" name="Replication orchestrator security boundary.uses typed Appium properties for reserved Windows capabilities" time="0.005" asserts="0" success="True" result="Success" executed="True" />
              <test-case description="stores verifier wrapper logs outside the strict verification contract" name="Replication orchestrator security boundary.stores verifier wrapper logs outside the strict verification contract" time="0.0016" asserts="0" success="True" result="Success" executed="True" />
              <test-case description="rejects duplicate Appium plan properties" name="Replication orchestrator security boundary.rejects duplicate Appium plan properties" time="0.0061" asserts="0" success="True" result="Success" executed="True" />
              <test-case description="maps bounded proposal types to existing verifier types" name="Replication orchestrator security boundary.maps bounded proposal types to existing verifier types" time="0.0032" asserts="0" success="True" result="Success" executed="True" />
              <test-case description="gives Copilot no shell, URL, MCP, broad write, Azure, or GitHub publication capability" name="Replication orchestrator security boundary.gives Copilot no shell, URL, MCP, broad write, Azure, or GitHub publication capability" time="0.0035" asserts="0" success="True" result="Success" executed="True" />
              <test-case description="plans exact new issue-specific test files before granting write access" name="Replication orchestrator security boundary.plans exact new issue-specific test files before granting write access" time="0.0224" asserts="0" success="True" result="Success" executed="True" />
              <test-case description="uses stable host identifiers instead of unresolved device variables" name="Replication orchestrator security boundary.uses stable host identifiers instead of unresolved device variables" time="0.0025" asserts="0" success="True" result="Success" executed="True" />
              <test-case description="preserves current attempt counts in blocked candidate manifests" name="Replication orchestrator security boundary.preserves current attempt counts in blocked candidate manifests" time="0.006" asserts="0" success="True" result="Success" executed="True" />
              <test-case description="prepares the app before starting a bounded recording-only run" name="Replication orchestrator security boundary.prepares the app before starting a bounded recording-only run" time="0.0056" asserts="0" success="True" result="Success" executed="True" />
              <test-case description="uses the explicit repository root when run from a trusted copy" name="Replication orchestrator security boundary.uses the explicit repository root when run from a trusted copy" time="0.241" asserts="0" success="True" result="Success" executed="True" />
              <test-case description="resolves the single built Mac Catalyst app without assuming its bundle name" name="Replication orchestrator security boundary.resolves the single built Mac Catalyst app without assuming its bundle name" time="0.0176" asserts="0" success="True" result="Success" executed="True" />
              <test-case description="restores every tracked file to the pinned baseline between Sandbox attempts" name="Replication orchestrator security boundary.restores every tracked file to the pinned baseline between Sandbox attempts" time="0.0024" asserts="0" success="True" result="Success" executed="True" />
              <test-case description="restores tracked verifier build side effects while preserving generated tests" name="Replication orchestrator security boundary.restores tracked verifier build side effects while preserving generated tests" time="0.0047" asserts="0" success="True" result="Success" executed="True" />
              <test-case description="preserves bounded device verification diagnostics before cleanup" name="Replication orchestrator security boundary.preserves bounded device verification diagnostics before cleanup" time="0.0032" asserts="0" success="True" result="Success" executed="True" />
              <test-case description="allows source-safety, host, compile, and empirical repairs within the bounded Sandbox loop" name="Replication orchestrator security boundary.allows source-safety, host, compile, and empirical repairs within the bounded Sandbox loop" time="0.0087" asserts="0" success="True" result="Success" executed="True" />
              <test-case description="requires new add-only unconditional tests and literal expected failure verification" name="Replication orchestrator security boundary.requires new add-only unconditional tests and literal expected failure verification" time="0.0024" asserts="0" success="True" result="Success" executed="True" />
              <test-case description="requires exact semantic trigger equivalence before test authoring" name="Replication orchestrator security boundary.requires exact semantic trigger equivalence before test authoring" time="0.0163" asserts="0" success="True" result="Success" executed="True" />
              <test-case description="rejects synthetic Arrange as a device-orientation trigger" name="Replication orchestrator security boundary.rejects synthetic Arrange as a device-orientation trigger" time="0.0153" asserts="0" success="True" result="Success" executed="True" />
              <test-case description="rejects directly dispatched system insets as propagation evidence" name="Replication orchestrator security boundary.rejects directly dispatched system insets as propagation evidence" time="0.013" asserts="0" success="True" result="Success" executed="True" />
              <test-case description="rejects manually forced handler propagation absent from the reported trigger" name="Replication orchestrator security boundary.rejects manually forced handler propagation absent from the reported trigger" time="0.0096" asserts="0" success="True" result="Success" executed="True" />
              <test-case description="rejects managed-only bounds oracles for visible rendering defects" name="Replication orchestrator security boundary.rejects managed-only bounds oracles for visible rendering defects" time="0.0101" asserts="0" success="True" result="Success" executed="True" />
              <test-case description="repairs generated tests that fail trusted source validation before verification" name="Replication orchestrator security boundary.repairs generated tests that fail trusted source validation before verification" time="0.0024" asserts="0" success="True" result="Success" executed="True" />
              <test-case description="allows source repairs, a compile repair, and final empirical verification" name="Replication orchestrator security boundary.allows source repairs, a compile repair, and final empirical verification" time="0.0035" asserts="0" success="True" result="Success" executed="True" />
              <test-case description="requires exact reasons for every rejected lighter test type" name="Replication orchestrator security boundary.requires exact reasons for every rejected lighter test type" time="0.0085" asserts="0" success="True" result="Success" executed="True" />
              <test-case description="accepts an unconditional device reproduction test before verification" name="Replication orchestrator security boundary.accepts an unconditional device reproduction test before verification" time="0.0143" asserts="0" success="True" result="Success" executed="True" />
              <test-case description="rejects an opt-in device reproduction guard before verification" name="Replication orchestrator security boundary.rejects an opt-in device reproduction guard before verification" time="0.0087" asserts="0" success="True" result="Success" executed="True" />
              <test-case description="rejects reproduction guards even when the assertion is unconditional" name="Replication orchestrator security boundary.rejects reproduction guards even when the assertion is unconditional" time="0.0023" asserts="0" success="True" result="Success" executed="True" />
              <test-case description="rejects framework behavior switches that manufacture the failure" name="Replication orchestrator security boundary.rejects framework behavior switches that manufacture the failure" time="0.0023" asserts="0" success="True" result="Success" executed="True" />
              <test-case description="rejects unsafe MacCatalyst filenames and mismatched platform APIs" name="Replication orchestrator security boundary.rejects unsafe MacCatalyst filenames and mismatched platform APIs" time="0.0046" asserts="0" success="True" result="Success" executed="True" />
              <test-case description="allows platform APIs in shared HostApp files only under matching compile guards" name="Replication orchestrator security boundary.allows platform APIs in shared HostApp files only under matching compile guards" time="0.0067" asserts="0" success="True" result="Success" executed="True" />
              <test-case description="requires iOS-only tests to exclude Mac Catalyst compilation" name="Replication orchestrator security boundary.requires iOS-only tests to exclude Mac Catalyst compilation" time="0.0036" asserts="0" success="True" result="Success" executed="True" />
              <test-case description="rejects test lifecycle code that can run before the guard" name="Replication orchestrator security boundary.rejects test lifecycle code that can run before the guard" time="0.0024" asserts="0" success="True" result="Success" executed="True" />
              <test-case description="allows only the canonical empty UI-test device constructor" name="Replication orchestrator security boundary.allows only the canonical empty UI-test device constructor" time="0.0045" asserts="0" success="True" result="Success" executed="True" />
              <test-case description="allows expression-bodied helper properties but rejects field initializers" name="Replication orchestrator security boundary.allows expression-bodied helper properties but rejects field initializers" time="0.0063" asserts="0" success="True" result="Success" executed="True" />
              <test-case description="starts Appium from a resolved executable with explicit inherited environment" name="Replication orchestrator security boundary.starts Appium from a resolved executable with explicit inherited environment" time="0.0031" asserts="0" success="True" result="Success" executed="True" />
              <test-case description="rejects pre-execution code in a generated helper file without a test attribute" name="Replication orchestrator security boundary.rejects pre-execution code in a generated helper file without a test attribute" time="0.0092" asserts="0" success="True" result="Success" executed="True" />
              <test-case description="allows a UI HostApp companion constructor while guarding the UI test assembly" name="Replication orchestrator security boundary.allows a UI HostApp companion constructor while guarding the UI test assembly" time="0.0126" asserts="0" success="True" result="Success" executed="True" />
            </results>
          </test-suite>
          <test-suite type="TestFixture" name="Replication verifier metadata resolution" executed="True" result="Success" success="True" time="1.2094" asserts="0" description="Replication verifier metadata resolution">
            <results>
              <test-case description="resolves the exact Controls unit-test project, class, and method" name="Replication verifier metadata resolution.resolves the exact Controls unit-test project, class, and method" time="0.0856" asserts="0" success="True" result="Success" executed="True" />
              <test-case description="resolves a non-Controls unit-test project instead of defaulting to Controls" name="Replication verifier metadata resolution.resolves a non-Controls unit-test project instead of defaulting to Controls" time="0.0571" asserts="0" success="True" result="Success" executed="True" />
              <test-case description="resolves a non-Controls device project with exact class isolation" name="Replication verifier metadata resolution.resolves a non-Controls device project with exact class isolation" time="0.1173" asserts="0" success="True" result="Success" executed="True" />
              <test-case description="rejects ambiguous planned files instead of broadening the verifier run" name="Replication verifier metadata resolution.rejects ambiguous planned files instead of broadening the verifier run" time="0.0103" asserts="0" success="True" result="Success" executed="True" />
            </results>
          </test-suite>
        </results>
      </test-suite>
      <test-suite type="TestFixture" name="/Users/kubaflo/.copilot/session-state/4c3c6934-b10b-4828-b20d-b1d4083e8d9e/files/maui-replicate-pipeline/.github/scripts/Aggregate-CopilotTokenUsage.Tests.ps1" executed="True" result="Success" success="True" time="0.3743" asserts="0" description="/Users/kubaflo/.copilot/session-state/4c3c6934-b10b-4828-b20d-b1d4083e8d9e/files/maui-replicate-pipeline/.github/scripts/Aggregate-CopilotTokenUsage.Tests.ps1">
        <results>
          <test-suite type="TestFixture" name="Aggregate-CopilotTokenUsage.ps1" executed="True" result="Success" success="True" time="0.3517" asserts="0" description="Aggregate-CopilotTokenUsage.ps1">
            <results>
              <test-case description="writes raw and summarized artifacts with zero rows for stages without Copilot invocations" name="Aggregate-CopilotTokenUsage.ps1.writes raw and summarized artifacts with zero rows for stages without Copilot invocations" time="0.151" asserts="0" success="True" result="Success" executed="True" />
              <test-case description="emits a no-record summary when the input artifact is missing" name="Aggregate-CopilotTokenUsage.ps1.emits a no-record summary when the input artifact is missing" time="0.0463" asserts="0" success="True" result="Success" executed="True" />
              <test-case description="counts AIC-only replication records from the downloaded CopilotLogs layout and rejects worktree forgeries" name="Aggregate-CopilotTokenUsage.ps1.counts AIC-only replication records from the downloaded CopilotLogs layout and rejects worktree forgeries" time="0.111" asserts="0" success="True" result="Success" executed="True" />
              <test-case description="records issue targets while preserving the legacy prNumber field" name="Aggregate-CopilotTokenUsage.ps1.records issue targets while preserving the legacy prNumber field" time="0.0407" asserts="0" success="True" result="Success" executed="True" />
            </results>
          </test-suite>
        </results>
      </test-suite>
      <test-suite type="TestFixture" name="/Users/kubaflo/.copilot/session-state/4c3c6934-b10b-4828-b20d-b1d4083e8d9e/files/maui-replicate-pipeline/.github/scripts/Replication-Pipeline.Tests.ps1" executed="True" result="Success" success="True" time="0.1198" asserts="0" description="/Users/kubaflo/.copilot/session-state/4c3c6934-b10b-4828-b20d-b1d4083e8d9e/files/maui-replicate-pipeline/.github/scripts/Replication-Pipeline.Tests.ps1">
        <results>
          <test-suite type="TestFixture" name="MAUI Copilot mode routing" executed="True" result="Success" success="True" time="0.0639" asserts="0" description="MAUI Copilot mode routing">
            <results>
              <test-case description="places the review-default Mode selector before target numbers" name="MAUI Copilot mode routing.places the review-default Mode selector before target numbers" time="0.0138" asserts="0" success="True" result="Success" executed="True" />
              <test-case description="requires exactly the target number for the selected mode" name="MAUI Copilot mode routing.requires exactly the target number for the selected mode" time="0.0028" asserts="0" success="True" result="Success" executed="True" />
              <test-case description="keeps PR-specific jobs and stages review-only" name="MAUI Copilot mode routing.keeps PR-specific jobs and stages review-only" time="0.004" asserts="0" success="True" result="Success" executed="True" />
              <test-case description="uses a clean main baseline and replication-only recording dependencies" name="MAUI Copilot mode routing.uses a clean main baseline and replication-only recording dependencies" time="0.0154" asserts="0" success="True" result="Success" executed="True" />
              <test-case description="validates before separating trusted evidence and MauiBot PR credentials" name="MAUI Copilot mode routing.validates before separating trusted evidence and MauiBot PR credentials" time="0.0187" asserts="0" success="True" result="Success" executed="True" />
              <test-case description="preserves PR telemetry while adding operation and issue target fields" name="MAUI Copilot mode routing.preserves PR telemetry while adding operation and issue target fields" time="0.0035" asserts="0" success="True" result="Success" executed="True" />
              <test-case description="retains the trusted telemetry subtree in the replication CopilotLogs artifact" name="MAUI Copilot mode routing.retains the trusted telemetry subtree in the replication CopilotLogs artifact" time="0.0031" asserts="0" success="True" result="Success" executed="True" />
            </results>
          </test-suite>
        </results>
      </test-suite>
    </results>
  </test-suite>
</test-results>